Loading memory-mapped training data: data/train_corpus_16k.bin
Mounted. Train: 106,289,299 | Val: 4,514,487 tokens
Building Fluidic-Hybrid Backbone...
Parameters: 17.33M
Training: DEQ Phantom Gradient + AMP FP16
Starting training (2000 iterations, batch=8x8)...
Iter 0000 | Loss: 9.8954 | LR: 0.00e+00 | GNorm: 0.69 | VRAM: 1925MB | Time: 19.8s
Iter 0020 | Loss: 9.6459 | LR: 3.00e-05 | GNorm: 0.72 | VRAM: 2053MB | Time: 407.4s
Iter 0040 | Loss: 9.1006 | LR: 6.00e-05 | GNorm: 1.18 | VRAM: 2053MB | Time: 764.4s
Iter 0060 | Loss: 7.7417 | LR: 9.00e-05 | GNorm: 1.61 | VRAM: 2053MB | Time: 1133.5s
Iter 0080 | Loss: 6.7896 | LR: 1.20e-04 | GNorm: 1.19 | VRAM: 2053MB | Time: 1516.4s
Iter 0100 | Loss: 6.1610 | LR: 1.50e-04 | GNorm: 0.59 | VRAM: 2053MB | Time: 1946.7s
Iter 0120 | Loss: 5.9804 | LR: 1.80e-04 | GNorm: 0.25 | VRAM: 2053MB | Time: 2352.7s
Iter 0140 | Loss: 5.9435 | LR: 2.10e-04 | GNorm: 0.22 | VRAM: 2053MB | Time: 2794.3s
Iter 0160 | Loss: 5.9792 | LR: 2.40e-04 | GNorm: 0.26 | VRAM: 2053MB | Time: 3149.0s
Iter 0180 | Loss: 5.9069 | LR: 2.70e-04 | GNorm: 0.26 | VRAM: 2053MB | Time: 3504.6s
Iter 0200 | Loss: 5.8776 | LR: 3.00e-04 | GNorm: 0.29 | VRAM: 2053MB | Time: 3860.1s
Iter 0220 | Loss: 5.8765 | LR: 3.30e-04 | GNorm: 0.31 | VRAM: 2053MB | Time: 4216.4s
Iter 0240 | Loss: 5.6157 | LR: 3.60e-04 | GNorm: 0.32 | VRAM: 2053MB | Time: 4572.1s
Iter 0260 | Loss: 5.2031 | LR: 3.90e-04 | GNorm: 0.36 | VRAM: 2053MB | Time: 4927.2s
Iter 0280 | Loss: 4.9883 | LR: 4.20e-04 | GNorm: 0.29 | VRAM: 2053MB | Time: 5282.4s
Iter 0300 | Loss: 4.7303 | LR: 4.50e-04 | GNorm: 0.30 | VRAM: 2053MB | Time: 5637.1s
  [Validation] Iter 300 | Val Loss: 4.7943
  --> New best model saved (Val Loss: 4.7943)
Iter 0320 | Loss: 4.6776 | LR: 4.80e-04 | GNorm: 0.35 | VRAM: 2182MB | Time: 5998.3s
Iter 0340 | Loss: 4.4732 | LR: 5.10e-04 | GNorm: 0.28 | VRAM: 2182MB | Time: 6353.9s
Iter 0360 | Loss: 4.4173 | LR: 5.40e-04 | GNorm: 0.33 | VRAM: 2182MB | Time: 6709.5s
Iter 0380 | Loss: 4.2075 | LR: 5.70e-04 | GNorm: 0.33 | VRAM: 2182MB | Time: 7065.0s
Iter 0400 | Loss: 4.2674 | LR: 6.00e-04 | GNorm: 0.44 | VRAM: 2182MB | Time: 7420.5s
Iter 0420 | Loss: 4.1335 | LR: 6.00e-04 | GNorm: 0.32 | VRAM: 2182MB | Time: 7776.2s
Iter 0440 | Loss: 4.1510 | LR: 5.99e-04 | GNorm: 0.31 | VRAM: 2182MB | Time: 8145.6s
Iter 0460 | Loss: 4.1677 | LR: 5.98e-04 | GNorm: 0.31 | VRAM: 2182MB | Time: 8500.4s
Iter 0480 | Loss: 4.1327 | LR: 5.96e-04 | GNorm: 0.45 | VRAM: 2182MB | Time: 8854.0s
Iter 0500 | Loss: 3.9253 | LR: 5.94e-04 | GNorm: 0.38 | VRAM: 2182MB | Time: 9208.2s
  --> Periodic checkpoint saved
Iter 0520 | Loss: 3.9222 | LR: 5.92e-04 | GNorm: 0.33 | VRAM: 2182MB | Time: 9572.7s
Iter 0540 | Loss: 3.9528 | LR: 5.89e-04 | GNorm: 0.35 | VRAM: 2182MB | Time: 9939.1s
Iter 0560 | Loss: 4.0104 | LR: 5.86e-04 | GNorm: 0.50 | VRAM: 2182MB | Time: 10298.1s
Iter 0580 | Loss: 3.9719 | LR: 5.82e-04 | GNorm: 0.38 | VRAM: 2182MB | Time: 10651.7s
Iter 0600 | Loss: 4.0189 | LR: 5.78e-04 | GNorm: 0.74 | VRAM: 2182MB | Time: 11006.0s
  [Validation] Iter 600 | Val Loss: 3.8205
Iter 0620 | Loss: 3.8863 | LR: 5.73e-04 | GNorm: 0.36 | VRAM: 2182MB | Time: 11375.6s
Iter 0800 | Loss: 3.8215 | LR: 5.14e-04 | GNorm: 0.58 | VRAM: 2182MB | Time: 14582.6s
Iter 0900 | Loss: 3.8092 | LR: 4.69e-04 | GNorm: 0.40 | VRAM: 2182MB | Time: 16360.5s
  [Validation] Iter 900 | Val Loss: 3.7166
  --> New best model saved (Val Loss: 3.7166)
Iter 1000 | Loss: 3.7035 | LR: 4.18e-04 | GNorm: 0.50 | VRAM: 2182MB | Time: 18142.6s
  --> Periodic checkpoint saved
Iter 1200 | Loss: 3.6158 | LR: 3.05e-04 | GNorm: 0.44 | VRAM: 2182MB | Time: 21688.8s
  [Validation] Iter 1200 | Val Loss: 3.6596
  --> New best model saved (Val Loss: 3.6596)
Iter 1500 | Loss: 3.5725 | LR: 1.41e-04 | GNorm: 0.38 | VRAM: 2182MB | Time: 27004.4s
  [Validation] Iter 1500 | Val Loss: 3.6437
  --> New best model saved (Val Loss: 3.6437)
  --> Periodic checkpoint saved
Iter 1800 | Loss: 3.4789 | LR: 3.25e-05 | GNorm: 0.61 | VRAM: 2182MB | Time: 32315.3s
  [Validation] Iter 1800 | Val Loss: 3.5988
  --> New best model saved (Val Loss: 3.5988)
Iter 1980 | Loss: 3.6757 | LR: 1.02e-05 | GNorm: 0.37 | VRAM: 2182MB | Time: 35500.0s
Training complete.
